<?xml version="1.0" encoding="UTF-8"?>
<!-- Generated by org.testng.reporters.JUnitReportReporter -->
<testsuite hostname="nilesh" failures="0" tests="1" name="MavenProject123.project11.ForJDBC1" time="0.098" errors="0" timestamp="2021-04-20T16:04:55 IST" skipped="0">
  <testcase classname="MavenProject123.project11.ForJDBC1" name="runit" time="0.098"/>
  <system-out/>
</testsuite> <!-- MavenProject123.project11.ForJDBC1 -->
